
C:\Users\user\source\repos\FaceIdentification\Debug\opencv_cored.dll
C:\Users\user\source\repos\FaceIdentification\Debug\zlibd1.dll
C:\Users\user\source\repos\FaceIdentification\Debug\opencv_highguid.dll
C:\Users\user\source\repos\FaceIdentification\Debug\opencv_videoiod.dll
C:\Users\user\source\repos\FaceIdentification\Debug\opencv_imgcodecsd.dll
C:\Users\user\source\repos\FaceIdentification\Debug\opencv_imgprocd.dll
C:\Users\user\source\repos\FaceIdentification\Debug\jpeg62.dll
C:\Users\user\source\repos\FaceIdentification\Debug\webpd.dll
C:\Users\user\source\repos\FaceIdentification\Debug\libpng16d.dll
C:\Users\user\source\repos\FaceIdentification\Debug\tiffd.dll
C:\Users\user\source\repos\FaceIdentification\Debug\lzmad.dll
C:\Users\user\source\repos\FaceIdentification\Debug\avformat-58.dll
C:\Users\user\source\repos\FaceIdentification\Debug\avcodec-58.dll
C:\Users\user\source\repos\FaceIdentification\Debug\swresample-3.dll
C:\Users\user\source\repos\FaceIdentification\Debug\avutil-56.dll
C:\Users\user\source\repos\FaceIdentification\Debug\swscale-5.dll
C:\Users\user\source\repos\FaceIdentification\Debug\opencv_objdetectd.dll
C:\Users\user\source\repos\FaceIdentification\Debug\opencv_calib3dd.dll
C:\Users\user\source\repos\FaceIdentification\Debug\opencv_features2dd.dll
C:\Users\user\source\repos\FaceIdentification\Debug\opencv_flannd.dll
